Using pre-set license
Built from '2020.3/staging' branch; Version is '2020.3.3f1 (76626098c1c4) revision 7758432'; Using compiler version '192528614'; Build Type 'Release'
OS: 'Windows 10 Home; OS build 19041.985; Version 2004; 64bit' Language: 'en' Physical Memory: 16333 MB
BatchMode: 1, IsHumanControllingUs: 0, StartBugReporterOnCrash: 0, Is64bit: 1, IsPro: 0

 COMMAND LINE ARGUMENTS:
D:\Unity\Engine\2020.3.3f1\Editor\Unity.exe
-adb2
-batchMode
-noUpm
-name
AssetImportWorker0
-projectPath
D:/Unity/Projekte/SoundHaven
-logFile
Logs/AssetImportWorker0.log
-srvPort
58457
Successfully changed project path to: D:/Unity/Projekte/SoundHaven
D:/Unity/Projekte/SoundHaven
Using Asset Import Pipeline V2.
Refreshing native plugins compatible for Editor in 63.91 ms, found 0 plugins.
Preloading 0 native plugins for Editor in 0.00 ms.
Initialize engine version: 2020.3.3f1 (76626098c1c4)
[Subsystems] Discovering subsystems at path D:/Unity/Engine/2020.3.3f1/Editor/Data/Resources/UnitySubsystems
[Subsystems] Discovering subsystems at path D:/Unity/Projekte/SoundHaven/Assets
GfxDevice: creating device client; threaded=0
Direct3D:
    Version:  Direct3D 11.0 [level 11.1]
    Renderer: NVIDIA GeForce GTX 1060 6GB (ID=0x1c03)
    Vendor:   
    VRAM:     6052 MB
    Driver:   27.21.14.6079
Shader 'Universal Render Pipeline/Particles/Lit': fallback shader 'Universal Render Pipeline/Particles/SimpleLit' not found
Initialize mono
Mono path[0] = 'D:/Unity/Engine/2020.3.3f1/Editor/Data/Managed'
Mono path[1] = 'D:/Unity/Engine/2020.3.3f1/Editor/Data/MonoBleedingEdge/lib/mono/unityjit'
Mono config path = 'D:/Unity/Engine/2020.3.3f1/Editor/Data/MonoBleedingEdge/etc'
Using monoOptions --debugger-agent=transport=dt_socket,embedding=1,server=y,suspend=n,address=127.0.0.1:56244
Begin MonoManager ReloadAssembly
Registering precompiled unity dll's ...
Register platform support module: D:/Unity/Engine/2020.3.3f1/Editor/Data/PlaybackEngines/WindowsStandaloneSupport/UnityEditor.WindowsStandalone.Extensions.dll
Registered in 0.001141 seconds.
Native extension for WindowsStandalone target not found
Refreshing native plugins compatible for Editor in 63.90 ms, found 0 plugins.
Preloading 0 native plugins for Editor in 0.00 ms.
Invoked RoslynAnalysisRunner static constructor.
RoslynAnalysisRunner will not be running.
RoslynAnalysisRunner has terminated.
Mono: successfully reloaded assembly
- Completed reload, in  2.575 seconds
Platform modules already initialized, skipping
Registering precompiled user dll's ...
Registered in 0.001232 seconds.
Begin MonoManager ReloadAssembly
Native extension for WindowsStandalone target not found
Refreshing native plugins compatible for Editor in 64.07 ms, found 0 plugins.
Preloading 0 native plugins for Editor in 0.00 ms.
Invoked RoslynAnalysisRunner static constructor.
RoslynAnalysisRunner will not be running.
RoslynAnalysisRunner has terminated.
Mono: successfully reloaded assembly
- Completed reload, in  0.947 seconds
Platform modules already initialized, skipping
========================================================================
Worker process is ready to serve import requests
Shader 'Universal Render Pipeline/Particles/Lit': fallback shader 'Universal Render Pipeline/Particles/SimpleLit' not found
Launched and connected shader compiler UnityShaderCompiler.exe after 0.11 seconds
Refreshing native plugins compatible for Editor in 0.69 ms, found 0 plugins.
Preloading 0 native plugins for Editor in 0.00 ms.
Unloading 2681 Unused Serialized files (Serialized files now loaded: 0)
System memory in use before: 204.3 MB.
System memory in use after: 204.2 MB.

Unloading 19 unused Assets to reduce memory usage. Loaded Objects now: 3127.
Total: 3.592000 ms (FindLiveObjects: 0.444200 ms CreateObjectMapping: 0.163000 ms MarkObjects: 2.790100 ms  DeleteObjects: 0.193100 ms)

========================================================================
Received Import Request.
  path: Assets/M;ain.mixer
  artifactKey: Guid(ba0fc929fe9e8b74284cfa98d97e025e) Importer(815301076,1909f56bfc062723c751e8b465ee728b)
Start importing Assets/M;ain.mixer using Guid(ba0fc929fe9e8b74284cfa98d97e025e) Importer(815301076,1909f56bfc062723c751e8b465ee728b)  -> (artifact id: '5dd75aff1b6f793b1bfef6332310de91') in 0.045037 seconds
  Import took 0.129712 seconds .

========================================================================
Received Prepare
Registering precompiled user dll's ...
Registered in 0.001467 seconds.
Begin MonoManager ReloadAssembly
Native extension for WindowsStandalone target not found
Refreshing native plugins compatible for Editor in 0.70 ms, found 0 plugins.
Preloading 0 native plugins for Editor in 0.00 ms.
Invoked RoslynAnalysisRunner static constructor.
RoslynAnalysisRunner will not be running.
RoslynAnalysisRunner has terminated.
Mono: successfully reloaded assembly
- Completed reload, in  0.877 seconds
Platform modules already initialized, skipping
Shader 'Universal Render Pipeline/Particles/Lit': fallback shader 'Universal Render Pipeline/Particles/SimpleLit' not found
Refreshing native plugins compatible for Editor in 0.63 ms, found 0 plugins.
Preloading 0 native plugins for Editor in 0.00 ms.
Unloading 2553 Unused Serialized files (Serialized files now loaded: 0)
System memory in use before: 195.6 MB.
System memory in use after: 195.5 MB.

Unloading 14 unused Assets to reduce memory usage. Loaded Objects now: 3130.
Total: 2.502200 ms (FindLiveObjects: 0.239300 ms CreateObjectMapping: 0.136100 ms MarkObjects: 1.896800 ms  DeleteObjects: 0.229100 ms)

========================================================================
Received Prepare
Registering precompiled user dll's ...
Registered in 0.001625 seconds.
Begin MonoManager ReloadAssembly
Native extension for WindowsStandalone target not found
Refreshing native plugins compatible for Editor in 0.62 ms, found 0 plugins.
Preloading 0 native plugins for Editor in 0.00 ms.
Invoked RoslynAnalysisRunner static constructor.
RoslynAnalysisRunner will not be running.
RoslynAnalysisRunner has terminated.
Mono: successfully reloaded assembly
- Completed reload, in  0.869 seconds
Platform modules already initialized, skipping
Shader 'Universal Render Pipeline/Particles/Lit': fallback shader 'Universal Render Pipeline/Particles/SimpleLit' not found
Refreshing native plugins compatible for Editor in 0.84 ms, found 0 plugins.
Preloading 0 native plugins for Editor in 0.00 ms.
Unloading 2553 Unused Serialized files (Serialized files now loaded: 0)
System memory in use before: 195.6 MB.
System memory in use after: 195.5 MB.

Unloading 14 unused Assets to reduce memory usage. Loaded Objects now: 3133.
Total: 2.771000 ms (FindLiveObjects: 0.247700 ms CreateObjectMapping: 0.154500 ms MarkObjects: 2.173200 ms  DeleteObjects: 0.194200 ms)

========================================================================
Received Prepare
Registering precompiled user dll's ...
Registered in 0.002267 seconds.
Begin MonoManager ReloadAssembly
Native extension for WindowsStandalone target not found
Refreshing native plugins compatible for Editor in 1.05 ms, found 0 plugins.
Preloading 0 native plugins for Editor in 0.00 ms.
Invoked RoslynAnalysisRunner static constructor.
RoslynAnalysisRunner will not be running.
RoslynAnalysisRunner has terminated.
Mono: successfully reloaded assembly
- Completed reload, in  1.111 seconds
Platform modules already initialized, skipping
Shader 'Universal Render Pipeline/Particles/Lit': fallback shader 'Universal Render Pipeline/Particles/SimpleLit' not found
Refreshing native plugins compatible for Editor in 0.68 ms, found 0 plugins.
Preloading 0 native plugins for Editor in 0.00 ms.
Unloading 2553 Unused Serialized files (Serialized files now loaded: 0)
System memory in use before: 195.6 MB.
System memory in use after: 195.6 MB.

Unloading 14 unused Assets to reduce memory usage. Loaded Objects now: 3136.
Total: 3.677400 ms (FindLiveObjects: 0.315500 ms CreateObjectMapping: 0.101900 ms MarkObjects: 2.963500 ms  DeleteObjects: 0.294900 ms)

========================================================================
Received Prepare
Registering precompiled user dll's ...
Registered in 0.001535 seconds.
Begin MonoManager ReloadAssembly
Native extension for WindowsStandalone target not found
Refreshing native plugins compatible for Editor in 0.70 ms, found 0 plugins.
Preloading 0 native plugins for Editor in 0.00 ms.
Invoked RoslynAnalysisRunner static constructor.
RoslynAnalysisRunner will not be running.
RoslynAnalysisRunner has terminated.
Mono: successfully reloaded assembly
- Completed reload, in  0.846 seconds
Platform modules already initialized, skipping
Shader 'Universal Render Pipeline/Particles/Lit': fallback shader 'Universal Render Pipeline/Particles/SimpleLit' not found
Refreshing native plugins compatible for Editor in 0.62 ms, found 0 plugins.
Preloading 0 native plugins for Editor in 0.00 ms.
Unloading 2553 Unused Serialized files (Serialized files now loaded: 0)
System memory in use before: 195.7 MB.
System memory in use after: 195.6 MB.

Unloading 14 unused Assets to reduce memory usage. Loaded Objects now: 3139.
Total: 3.817000 ms (FindLiveObjects: 0.364700 ms CreateObjectMapping: 0.095200 ms MarkObjects: 3.067100 ms  DeleteObjects: 0.288700 ms)

========================================================================
Received Import Request.
  Time since last request: 1200.896968 seconds.
  path: Assets/MAIN/Scripts/SpawnController.cs
  artifactKey: Guid(c72d6d7015eeccd4a83be3a8bd34360a) Importer(815301076,1909f56bfc062723c751e8b465ee728b)
Start importing Assets/MAIN/Scripts/SpawnController.cs using Guid(c72d6d7015eeccd4a83be3a8bd34360a) Importer(815301076,1909f56bfc062723c751e8b465ee728b)  -> (artifact id: '2841bf630ff7dfc3269075e8c5313736') in 0.025090 seconds
  Import took 0.058368 seconds .

========================================================================
Received Import Request.
  Time since last request: 4.725729 seconds.
  path: Assets/MAIN/Prefabs/Objects/o_obj 0.prefab
  artifactKey: Guid(fa89db4c22b77b641a49cf3240144ded) Importer(815301076,1909f56bfc062723c751e8b465ee728b)
Start importing Assets/MAIN/Prefabs/Objects/o_obj 0.prefab using Guid(fa89db4c22b77b641a49cf3240144ded) Importer(815301076,1909f56bfc062723c751e8b465ee728b)  -> (artifact id: '94e3a1edbf2d3107b001df5cc4c4f672') in 0.235233 seconds
  Import took 0.284123 seconds .

========================================================================
Received Prepare
Registering precompiled user dll's ...
Registered in 0.001714 seconds.
Begin MonoManager ReloadAssembly
Native extension for WindowsStandalone target not found
Refreshing native plugins compatible for Editor in 0.69 ms, found 0 plugins.
Preloading 0 native plugins for Editor in 0.00 ms.
Invoked RoslynAnalysisRunner static constructor.
RoslynAnalysisRunner will not be running.
RoslynAnalysisRunner has terminated.
Mono: successfully reloaded assembly
- Completed reload, in  0.883 seconds
Platform modules already initialized, skipping
Shader 'Universal Render Pipeline/Particles/Lit': fallback shader 'Universal Render Pipeline/Particles/SimpleLit' not found
Refreshing native plugins compatible for Editor in 0.63 ms, found 0 plugins.
Preloading 0 native plugins for Editor in 0.00 ms.
Unloading 2553 Unused Serialized files (Serialized files now loaded: 0)
System memory in use before: 200.9 MB.
System memory in use after: 200.8 MB.

Unloading 14 unused Assets to reduce memory usage. Loaded Objects now: 3187.
Total: 3.104700 ms (FindLiveObjects: 0.466500 ms CreateObjectMapping: 0.120600 ms MarkObjects: 2.317000 ms  DeleteObjects: 0.199000 ms)

========================================================================
Received Import Request.
  Time since last request: 186.293278 seconds.
  path: Assets/MAIN/Prefabs/Objects/o_obj 2.prefab
  artifactKey: Guid(1f1a2b1dd6e855b4b86dc6112d561bae) Importer(815301076,1909f56bfc062723c751e8b465ee728b)
Start importing Assets/MAIN/Prefabs/Objects/o_obj 2.prefab using Guid(1f1a2b1dd6e855b4b86dc6112d561bae) Importer(815301076,1909f56bfc062723c751e8b465ee728b)  -> (artifact id: '1ae15e4d6a5a89b05dda21624db275df') in 0.166350 seconds
  Import took 0.182166 seconds .

========================================================================
Received Import Request.
  Time since last request: 100.305705 seconds.
  path: Assets/MAIN/Prefabs/Objects/o_obj 3.prefab
  artifactKey: Guid(0ce40bfe7af64de40b031a8b4a1e4706) Importer(815301076,1909f56bfc062723c751e8b465ee728b)
Start importing Assets/MAIN/Prefabs/Objects/o_obj 3.prefab using Guid(0ce40bfe7af64de40b031a8b4a1e4706) Importer(815301076,1909f56bfc062723c751e8b465ee728b)  -> (artifact id: '23484ddeb7f564ff8fcf4e7efdf14b82') in 0.015318 seconds
  Import took 0.058263 seconds .

========================================================================
Received Import Request.
  Time since last request: 45.469583 seconds.
  path: Assets/MAIN/Prefabs/Objects/o_obj 4.prefab
  artifactKey: Guid(b16a1f0045e50d148ba9033fe87e7a8a) Importer(815301076,1909f56bfc062723c751e8b465ee728b)
Start importing Assets/MAIN/Prefabs/Objects/o_obj 4.prefab using Guid(b16a1f0045e50d148ba9033fe87e7a8a) Importer(815301076,1909f56bfc062723c751e8b465ee728b)  -> (artifact id: '344af487dd6b2e09c98b8ecec8309595') in 0.013954 seconds
  Import took 0.061061 seconds .

========================================================================
Received Prepare
Registering precompiled user dll's ...
Registered in 0.001451 seconds.
Begin MonoManager ReloadAssembly
Native extension for WindowsStandalone target not found
Refreshing native plugins compatible for Editor in 0.69 ms, found 0 plugins.
Preloading 0 native plugins for Editor in 0.00 ms.
Invoked RoslynAnalysisRunner static constructor.
RoslynAnalysisRunner will not be running.
RoslynAnalysisRunner has terminated.
Mono: successfully reloaded assembly
- Completed reload, in  1.039 seconds
Platform modules already initialized, skipping
Shader 'Universal Render Pipeline/Particles/Lit': fallback shader 'Universal Render Pipeline/Particles/SimpleLit' not found
Refreshing native plugins compatible for Editor in 0.67 ms, found 0 plugins.
Preloading 0 native plugins for Editor in 0.00 ms.
Unloading 2553 Unused Serialized files (Serialized files now loaded: 0)
System memory in use before: 201.1 MB.
System memory in use after: 201.0 MB.

Unloading 14 unused Assets to reduce memory usage. Loaded Objects now: 3226.
Total: 2.977700 ms (FindLiveObjects: 0.421300 ms CreateObjectMapping: 0.124500 ms MarkObjects: 2.224500 ms  DeleteObjects: 0.206100 ms)

========================================================================
Received Prepare
Registering precompiled user dll's ...
Registered in 0.001470 seconds.
Begin MonoManager ReloadAssembly
Native extension for WindowsStandalone target not found
Refreshing native plugins compatible for Editor in 0.65 ms, found 0 plugins.
Preloading 0 native plugins for Editor in 0.00 ms.
Invoked RoslynAnalysisRunner static constructor.
RoslynAnalysisRunner will not be running.
RoslynAnalysisRunner has terminated.
Mono: successfully reloaded assembly
- Completed reload, in  0.832 seconds
Platform modules already initialized, skipping
Shader 'Universal Render Pipeline/Particles/Lit': fallback shader 'Universal Render Pipeline/Particles/SimpleLit' not found
Refreshing native plugins compatible for Editor in 0.62 ms, found 0 plugins.
Preloading 0 native plugins for Editor in 0.00 ms.
Unloading 2553 Unused Serialized files (Serialized files now loaded: 0)
System memory in use before: 201.1 MB.
System memory in use after: 201.0 MB.

Unloading 14 unused Assets to reduce memory usage. Loaded Objects now: 3229.
Total: 4.986900 ms (FindLiveObjects: 0.415500 ms CreateObjectMapping: 0.178800 ms MarkObjects: 4.183500 ms  DeleteObjects: 0.195900 ms)

========================================================================
Received Prepare
Registering precompiled user dll's ...
Registered in 0.001774 seconds.
Begin MonoManager ReloadAssembly
Native extension for WindowsStandalone target not found
Refreshing native plugins compatible for Editor in 0.67 ms, found 0 plugins.
Preloading 0 native plugins for Editor in 0.00 ms.
Invoked RoslynAnalysisRunner static constructor.
RoslynAnalysisRunner will not be running.
RoslynAnalysisRunner has terminated.
Mono: successfully reloaded assembly
- Completed reload, in  0.896 seconds
Platform modules already initialized, skipping
Shader 'Universal Render Pipeline/Particles/Lit': fallback shader 'Universal Render Pipeline/Particles/SimpleLit' not found
Refreshing native plugins compatible for Editor in 0.62 ms, found 0 plugins.
Preloading 0 native plugins for Editor in 0.00 ms.
Unloading 2553 Unused Serialized files (Serialized files now loaded: 0)
System memory in use before: 201.1 MB.
System memory in use after: 201.0 MB.

Unloading 14 unused Assets to reduce memory usage. Loaded Objects now: 3232.
Total: 2.649800 ms (FindLiveObjects: 0.223000 ms CreateObjectMapping: 0.099400 ms MarkObjects: 1.990100 ms  DeleteObjects: 0.336200 ms)

========================================================================
Received Prepare
Registering precompiled user dll's ...
Registered in 0.002268 seconds.
Begin MonoManager ReloadAssembly
Native extension for WindowsStandalone target not found
Refreshing native plugins compatible for Editor in 1.29 ms, found 0 plugins.
Preloading 0 native plugins for Editor in 0.00 ms.
Invoked RoslynAnalysisRunner static constructor.
RoslynAnalysisRunner will not be running.
RoslynAnalysisRunner has terminated.
Mono: successfully reloaded assembly
- Completed reload, in  1.477 seconds
Platform modules already initialized, skipping
Shader 'Universal Render Pipeline/Particles/Lit': fallback shader 'Universal Render Pipeline/Particles/SimpleLit' not found
Refreshing native plugins compatible for Editor in 0.86 ms, found 0 plugins.
Preloading 0 native plugins for Editor in 0.00 ms.
Unloading 2553 Unused Serialized files (Serialized files now loaded: 0)
System memory in use before: 201.1 MB.
System memory in use after: 201.0 MB.

Unloading 14 unused Assets to reduce memory usage. Loaded Objects now: 3235.
Total: 4.270100 ms (FindLiveObjects: 0.606900 ms CreateObjectMapping: 0.235300 ms MarkObjects: 3.138900 ms  DeleteObjects: 0.287400 ms)

========================================================================
Received Prepare
Registering precompiled user dll's ...
Registered in 0.002273 seconds.
Begin MonoManager ReloadAssembly
Native extension for WindowsStandalone target not found
Refreshing native plugins compatible for Editor in 1.59 ms, found 0 plugins.
Preloading 0 native plugins for Editor in 0.00 ms.
Invoked RoslynAnalysisRunner static constructor.
RoslynAnalysisRunner will not be running.
RoslynAnalysisRunner has terminated.
Mono: successfully reloaded assembly
- Completed reload, in  1.421 seconds
Platform modules already initialized, skipping
Shader 'Universal Render Pipeline/Particles/Lit': fallback shader 'Universal Render Pipeline/Particles/SimpleLit' not found
Refreshing native plugins compatible for Editor in 0.98 ms, found 0 plugins.
Preloading 0 native plugins for Editor in 0.00 ms.
Unloading 2553 Unused Serialized files (Serialized files now loaded: 0)
System memory in use before: 201.1 MB.
System memory in use after: 201.0 MB.

Unloading 14 unused Assets to reduce memory usage. Loaded Objects now: 3238.
Total: 4.565200 ms (FindLiveObjects: 0.522000 ms CreateObjectMapping: 0.127700 ms MarkObjects: 3.628400 ms  DeleteObjects: 0.285400 ms)

AssetImportWorkerClient::OnTransportError - code=2 error=End of file
